
Circuit 1 cell sky130_fd_pr__nfet_01v8 and Circuit 2 cell sky130_fd_pr__nfet_01v8 are black boxes.
Warning: Equate pins:  cell sky130_fd_pr__nfet_01v8 is a placeholder, treated as a black box.
Warning: Equate pins:  cell sky130_fd_pr__nfet_01v8 is a placeholder, treated as a black box.

Subcircuit pins:
Circuit 1: sky130_fd_pr__nfet_01v8         |Circuit 2: sky130_fd_pr__nfet_01v8         
-------------------------------------------|-------------------------------------------
1                                          |1                                          
2                                          |2                                          
3                                          |3                                          
4                                          |4                                          
---------------------------------------------------------------------------------------
Cell pin lists are equivalent.
Device classes sky130_fd_pr__nfet_01v8 and sky130_fd_pr__nfet_01v8 are equivalent.

Circuit 1 cell sky130_fd_pr__pfet_01v8 and Circuit 2 cell sky130_fd_pr__pfet_01v8 are black boxes.
Warning: Equate pins:  cell sky130_fd_pr__pfet_01v8 is a placeholder, treated as a black box.
Warning: Equate pins:  cell sky130_fd_pr__pfet_01v8 is a placeholder, treated as a black box.

Subcircuit pins:
Circuit 1: sky130_fd_pr__pfet_01v8         |Circuit 2: sky130_fd_pr__pfet_01v8         
-------------------------------------------|-------------------------------------------
1                                          |1                                          
2                                          |2                                          
3                                          |3                                          
4                                          |4                                          
---------------------------------------------------------------------------------------
Cell pin lists are equivalent.
Device classes sky130_fd_pr__pfet_01v8 and sky130_fd_pr__pfet_01v8 are equivalent.

Subcircuit summary:
Circuit 1: goldwin_nand_v2                 |Circuit 2: goldwin_nand_v2                 
-------------------------------------------|-------------------------------------------
sky130_fd_pr__nfet_01v8 (2)                |sky130_fd_pr__nfet_01v8 (2)                
sky130_fd_pr__pfet_01v8 (2)                |sky130_fd_pr__pfet_01v8 (2)                
Number of devices: 4                       |Number of devices: 4                       
Number of nets: 6                          |Number of nets: 6                          
---------------------------------------------------------------------------------------
Netlists match uniquely.

Subcircuit pins:
Circuit 1: goldwin_nand_v2                 |Circuit 2: goldwin_nand_v2                 
-------------------------------------------|-------------------------------------------
VP                                         |VP                                         
A                                          |A                                          
B                                          |B                                          
Y                                          |Y                                          
VN                                         |VN                                         
---------------------------------------------------------------------------------------
Cell pin lists are equivalent.
Device classes goldwin_nand_v2 and goldwin_nand_v2 are equivalent.

Subcircuit summary:
Circuit 1: goldwin_not_v2                  |Circuit 2: goldwin_not_v2                  
-------------------------------------------|-------------------------------------------
sky130_fd_pr__nfet_01v8 (1)                |sky130_fd_pr__nfet_01v8 (1)                
sky130_fd_pr__pfet_01v8 (1)                |sky130_fd_pr__pfet_01v8 (1)                
Number of devices: 2                       |Number of devices: 2                       
Number of nets: 4                          |Number of nets: 4                          
---------------------------------------------------------------------------------------
Netlists match uniquely.

Subcircuit pins:
Circuit 1: goldwin_not_v2                  |Circuit 2: goldwin_not_v2                  
-------------------------------------------|-------------------------------------------
Y                                          |Y                                          
A                                          |A                                          
VN                                         |VN                                         
VP                                         |VP                                         
---------------------------------------------------------------------------------------
Cell pin lists are equivalent.
Device classes goldwin_not_v2 and goldwin_not_v2 are equivalent.

Subcircuit summary:
Circuit 1: goldwin_mux_v2                  |Circuit 2: goldwin_mux_v2                  
-------------------------------------------|-------------------------------------------
goldwin_nand_v2 (3)                        |goldwin_nand_v2 (3)                        
goldwin_not_v2 (1)                         |goldwin_not_v2 (1)                         
Number of devices: 4                       |Number of devices: 4                       
Number of nets: 9                          |Number of nets: 9                          
---------------------------------------------------------------------------------------
Netlists match uniquely.

Subcircuit pins:
Circuit 1: goldwin_mux_v2                  |Circuit 2: goldwin_mux_v2                  
-------------------------------------------|-------------------------------------------
VP                                         |VP                                         
VN                                         |VN                                         
A                                          |A                                          
B                                          |B                                          
D                                          |D                                          
S                                          |S                                          
---------------------------------------------------------------------------------------
Cell pin lists are equivalent.
Device classes goldwin_mux_v2 and goldwin_mux_v2 are equivalent.

Final result: Circuits match uniquely.
.
